<?xml version="1.0" encoding="utf-8"?>
<coverage line-rate="0.9813" branch-rate="0.9591" version="1.9" timestamp="1691023882" lines-covered="368" lines-valid="375" branches-covered="94" branches-valid="98">
  <sources>
    <source>/home/severin/gitrepo/Severin/Logic/</source>
  </sources>
  <packages>
    <package name="BooleanAlgebra" line-rate="1" branch-rate="1" complexity="51">
      <classes>
        <class name="BooleanAlgebra.And" filename="BooleanAlgebra/And.cs" line-rate="1" branch-rate="1" complexity="3">
          <methods>
            <method name="Evaluate" signature="(BooleanAlgebra.Values)" line-rate="1" branch-rate="1" complexity="1">
              <lines>
                <line number="7" hits="180" branch="False" />
              </lines>
            </method>
            <method name="Evaluate" signature="(BooleanAlgebra.Values,BooleanAlgebra.InputMap)" line-rate="1" branch-rate="1" complexity="1">
              <lines>
                <line number="9" hits="6" branch="False" />
              </lines>
            </method>
            <method name=".ctor" signature="(BooleanAlgebra.Evaluator,BooleanAlgebra.Evaluator)" line-rate="1" branch-rate="1" complexity="1">
              <lines>
                <line number="5" hits="468" branch="False" />
              </lines>
            </method>
          </methods>
          <lines>
            <line number="7" hits="180" branch="False" />
            <line number="9" hits="6" branch="False" />
            <line number="5" hits="468" branch="False" />
          </lines>
        </class>
        <class name="BooleanAlgebra.DoubleEvaluator" filename="BooleanAlgebra/DoubleEvaluator.cs" line-rate="1" branch-rate="1" complexity="5">
          <methods>
            <method name="ToString" signature="()" line-rate="1" branch-rate="1" complexity="4">
              <lines>
                <line number="11" hits="4" branch="False" />
                <line number="12" hits="4" branch="False" />
                <line number="13" hits="4" branch="False" />
                <line number="14" hits="6" branch="True" condition-coverage="100% (2/2)">
                  <conditions>
                    <condition number="44" type="jump" coverage="100%" />
                  </conditions>
                </line>
                <line number="15" hits="6" branch="True" condition-coverage="100% (2/2)">
                  <conditions>
                    <condition number="82" type="jump" coverage="100%" />
                  </conditions>
                </line>
                <line number="16" hits="4" branch="False" />
                <line number="17" hits="4" branch="False" />
              </lines>
            </method>
            <method name=".ctor" signature="(BooleanAlgebra.Evaluator,BooleanAlgebra.Evaluator,System.String)" line-rate="1" branch-rate="1" complexity="1">
              <lines>
                <line number="8" hits="268" branch="False" />
                <line number="9" hits="268" branch="False" />
              </lines>
            </method>
          </methods>
          <lines>
            <line number="11" hits="4" branch="False" />
            <line number="12" hits="4" branch="False" />
            <line number="13" hits="4" branch="False" />
            <line number="14" hits="6" branch="True" condition-coverage="100% (2/2)">
              <conditions>
                <condition number="44" type="jump" coverage="100%" />
              </conditions>
            </line>
            <line number="15" hits="6" branch="True" condition-coverage="100% (2/2)">
              <conditions>
                <condition number="82" type="jump" coverage="100%" />
              </conditions>
            </line>
            <line number="16" hits="4" branch="False" />
            <line number="17" hits="4" branch="False" />
            <line number="8" hits="268" branch="False" />
            <line number="9" hits="268" branch="False" />
          </lines>
        </class>
        <class name="BooleanAlgebra.Evaluator" filename="BooleanAlgebra/Evaluator.cs" line-rate="1" branch-rate="1" complexity="3">
          <methods>
            <method name="op_BitwiseAnd" signature="(BooleanAlgebra.Evaluator,BooleanAlgebra.Evaluator)" line-rate="1" branch-rate="1" complexity="1">
              <lines>
                <line number="8" hits="144" branch="False" />
              </lines>
            </method>
            <method name="op_BitwiseOr" signature="(BooleanAlgebra.Evaluator,BooleanAlgebra.Evaluator)" line-rate="1" branch-rate="1" complexity="1">
              <lines>
                <line number="9" hits="100" branch="False" />
              </lines>
            </method>
            <method name="op_LogicalNot" signature="(BooleanAlgebra.Evaluator)" line-rate="1" branch-rate="1" complexity="1">
              <lines>
                <line number="10" hits="80" branch="False" />
              </lines>
            </method>
          </methods>
          <lines>
            <line number="8" hits="144" branch="False" />
            <line number="9" hits="100" branch="False" />
            <line number="10" hits="80" branch="False" />
          </lines>
        </class>
        <class name="BooleanAlgebra.FullAdderOneBit" filename="BooleanAlgebra/FullAdderOneBit.cs" line-rate="1" branch-rate="1" complexity="1">
          <methods>
            <method name=".ctor" signature="()" line-rate="1" branch-rate="1" complexity="1">
              <lines>
                <line number="7" hits="8" branch="False" />
                <line number="8" hits="8" branch="False" />
                <line number="9" hits="8" branch="False" />
                <line number="10" hits="8" branch="False" />
                <line number="11" hits="8" branch="False" />
                <line number="12" hits="8" branch="False" />
                <line number="13" hits="8" branch="False" />
                <line number="14" hits="8" branch="False" />
                <line number="15" hits="8" branch="False" />
              </lines>
            </method>
          </methods>
          <lines>
            <line number="7" hits="8" branch="False" />
            <line number="8" hits="8" branch="False" />
            <line number="9" hits="8" branch="False" />
            <line number="10" hits="8" branch="False" />
            <line number="11" hits="8" branch="False" />
            <line number="12" hits="8" branch="False" />
            <line number="13" hits="8" branch="False" />
            <line number="14" hits="8" branch="False" />
            <line number="15" hits="8" branch="False" />
          </lines>
        </class>
        <class name="BooleanAlgebra.InputMap" filename="BooleanAlgebra/InputMap.cs" line-rate="1" branch-rate="1" complexity="2">
          <methods>
            <method name="ContainsVariable" signature="(BooleanAlgebra.Variable)" line-rate="1" branch-rate="1" complexity="1">
              <lines>
                <line number="7" hits="23" branch="False" />
              </lines>
            </method>
            <method name="Map" signature="(BooleanAlgebra.Variable)" line-rate="1" branch-rate="1" complexity="1">
              <lines>
                <line number="8" hits="22" branch="False" />
              </lines>
            </method>
          </methods>
          <lines>
            <line number="7" hits="23" branch="False" />
            <line number="8" hits="22" branch="False" />
          </lines>
        </class>
        <class name="BooleanAlgebra.Not" filename="BooleanAlgebra/Not.cs" line-rate="1" branch-rate="1" complexity="5">
          <methods>
            <method name="Evaluate" signature="(BooleanAlgebra.Values)" line-rate="1" branch-rate="1" complexity="1">
              <lines>
                <line number="7" hits="114" branch="False" />
              </lines>
            </method>
            <method name="Evaluate" signature="(BooleanAlgebra.Values,BooleanAlgebra.InputMap)" line-rate="1" branch-rate="1" complexity="1">
              <lines>
                <line number="8" hits="2" branch="False" />
              </lines>
            </method>
            <method name="ToString" signature="()" line-rate="1" branch-rate="1" complexity="2">
              <lines>
                <line number="11" hits="2" branch="False" />
                <line number="12" hits="2" branch="False" />
                <line number="13" hits="3" branch="True" condition-coverage="100% (2/2)">
                  <conditions>
                    <condition number="32" type="jump" coverage="100%" />
                  </conditions>
                </line>
                <line number="14" hits="2" branch="False" />
                <line number="15" hits="2" branch="False" />
              </lines>
            </method>
            <method name=".ctor" signature="(BooleanAlgebra.Evaluator)" line-rate="1" branch-rate="1" complexity="1">
              <lines>
                <line number="6" hits="172" branch="False" />
              </lines>
            </method>
          </methods>
          <lines>
            <line number="7" hits="114" branch="False" />
            <line number="8" hits="2" branch="False" />
            <line number="11" hits="2" branch="False" />
            <line number="12" hits="2" branch="False" />
            <line number="13" hits="3" branch="True" condition-coverage="100% (2/2)">
              <conditions>
                <condition number="32" type="jump" coverage="100%" />
              </conditions>
            </line>
            <line number="14" hits="2" branch="False" />
            <line number="15" hits="2" branch="False" />
            <line number="6" hits="172" branch="False" />
          </lines>
        </class>
        <class name="BooleanAlgebra.Or" filename="BooleanAlgebra/Or.cs" line-rate="1" branch-rate="1" complexity="3">
          <methods>
            <method name="Evaluate" signature="(BooleanAlgebra.Values)" line-rate="1" branch-rate="1" complexity="1">
              <lines>
                <line number="7" hits="120" branch="False" />
              </lines>
            </method>
            <method name="Evaluate" signature="(BooleanAlgebra.Values,BooleanAlgebra.InputMap)" line-rate="1" branch-rate="1" complexity="1">
              <lines>
                <line number="9" hits="6" branch="False" />
              </lines>
            </method>
            <method name=".ctor" signature="(BooleanAlgebra.Evaluator,BooleanAlgebra.Evaluator)" line-rate="1" branch-rate="1" complexity="1">
              <lines>
                <line number="5" hits="336" branch="False" />
              </lines>
            </method>
          </methods>
          <lines>
            <line number="7" hits="120" branch="False" />
            <line number="9" hits="6" branch="False" />
            <line number="5" hits="336" branch="False" />
          </lines>
        </class>
        <class name="BooleanAlgebra.Parser" filename="BooleanAlgebra/Parser.cs" line-rate="1" branch-rate="1" complexity="19">
          <methods>
            <method name="Parse" signature="(System.String)" line-rate="1" branch-rate="1" complexity="2">
              <lines>
                <line number="13" hits="67" branch="False" />
                <line number="14" hits="67" branch="False" />
                <line number="15" hits="67" branch="False" />
                <line number="16" hits="675" branch="True" condition-coverage="100% (2/2)">
                  <conditions>
                    <condition number="87" type="jump" coverage="100%" />
                  </conditions>
                </line>
                <line number="17" hits="237" branch="False" />
                <line number="19" hits="67" branch="False" />
                <line number="20" hits="52" branch="False" />
              </lines>
            </method>
            <method name="RecursiveParse" signature="(System.String,System.Collections.Generic.Dictionary`2&lt;System.String,BooleanAlgebra.Evaluator&gt;)" line-rate="1" branch-rate="1" complexity="16">
              <lines>
                <line number="23" hits="242" branch="False" />
                <line number="24" hits="242" branch="True" condition-coverage="100% (2/2)">
                  <conditions>
                    <condition number="14" type="jump" coverage="100%" />
                  </conditions>
                </line>
                <line number="25" hits="1" branch="False" />
                <line number="26" hits="241" branch="False" />
                <line number="27" hits="241" branch="True" condition-coverage="100% (2/2)">
                  <conditions>
                    <condition number="65" type="jump" coverage="100%" />
                  </conditions>
                </line>
                <line number="28" hits="14" branch="False" />
                <line number="30" hits="227" branch="True" condition-coverage="100% (2/2)">
                  <conditions>
                    <condition number="99" type="jump" coverage="100%" />
                  </conditions>
                </line>
                <line number="31" hits="223" branch="True" condition-coverage="100% (2/2)">
                  <conditions>
                    <condition number="175" type="jump" coverage="100%" />
                  </conditions>
                </line>
                <line number="33" hits="223" branch="True" condition-coverage="100% (2/2)">
                  <conditions>
                    <condition number="215" type="jump" coverage="100%" />
                  </conditions>
                </line>
                <line number="34" hits="57" branch="False" />
                <line number="36" hits="166" branch="True" condition-coverage="100% (2/2)">
                  <conditions>
                    <condition number="246" type="jump" coverage="100%" />
                  </conditions>
                </line>
                <line number="37" hits="164" branch="True" condition-coverage="100% (2/2)">
                  <conditions>
                    <condition number="322" type="jump" coverage="100%" />
                  </conditions>
                </line>
                <line number="39" hits="256" branch="True" condition-coverage="100% (2/2)">
                  <conditions>
                    <condition number="369" type="jump" coverage="100%" />
                  </conditions>
                </line>
                <line number="40" hits="72" branch="False" />
                <line number="41" hits="221" branch="False" />
              </lines>
            </method>
            <method name=".cctor" signature="()" line-rate="1" branch-rate="1" complexity="1">
              <lines>
                <line number="8" hits="1" branch="False" />
                <line number="9" hits="1" branch="False" />
                <line number="10" hits="1" branch="False" />
              </lines>
            </method>
          </methods>
          <lines>
            <line number="13" hits="67" branch="False" />
            <line number="14" hits="67" branch="False" />
            <line number="15" hits="67" branch="False" />
            <line number="16" hits="675" branch="True" condition-coverage="100% (2/2)">
              <conditions>
                <condition number="87" type="jump" coverage="100%" />
              </conditions>
            </line>
            <line number="17" hits="237" branch="False" />
            <line number="19" hits="67" branch="False" />
            <line number="20" hits="52" branch="False" />
            <line number="23" hits="242" branch="False" />
            <line number="24" hits="242" branch="True" condition-coverage="100% (2/2)">
              <conditions>
                <condition number="14" type="jump" coverage="100%" />
              </conditions>
            </line>
            <line number="25" hits="1" branch="False" />
            <line number="26" hits="241" branch="False" />
            <line number="27" hits="241" branch="True" condition-coverage="100% (2/2)">
              <conditions>
                <condition number="65" type="jump" coverage="100%" />
              </conditions>
            </line>
            <line number="28" hits="14" branch="False" />
            <line number="30" hits="227" branch="True" condition-coverage="100% (2/2)">
              <conditions>
                <condition number="99" type="jump" coverage="100%" />
              </conditions>
            </line>
            <line number="31" hits="223" branch="True" condition-coverage="100% (2/2)">
              <conditions>
                <condition number="175" type="jump" coverage="100%" />
              </conditions>
            </line>
            <line number="33" hits="223" branch="True" condition-coverage="100% (2/2)">
              <conditions>
                <condition number="215" type="jump" coverage="100%" />
              </conditions>
            </line>
            <line number="34" hits="57" branch="False" />
            <line number="36" hits="166" branch="True" condition-coverage="100% (2/2)">
              <conditions>
                <condition number="246" type="jump" coverage="100%" />
              </conditions>
            </line>
            <line number="37" hits="164" branch="True" condition-coverage="100% (2/2)">
              <conditions>
                <condition number="322" type="jump" coverage="100%" />
              </conditions>
            </line>
            <line number="39" hits="256" branch="True" condition-coverage="100% (2/2)">
              <conditions>
                <condition number="369" type="jump" coverage="100%" />
              </conditions>
            </line>
            <line number="40" hits="72" branch="False" />
            <line number="41" hits="221" branch="False" />
            <line number="8" hits="1" branch="False" />
            <line number="9" hits="1" branch="False" />
            <line number="10" hits="1" branch="False" />
          </lines>
        </class>
        <class name="BooleanAlgebra.Values" filename="BooleanAlgebra/Values.cs" line-rate="1" branch-rate="1" complexity="5">
          <methods>
            <method name="GetOrDefault" signature="(BooleanAlgebra.Variable)" line-rate="1" branch-rate="1" complexity="1">
              <lines>
                <line number="15" hits="364" branch="False" />
              </lines>
            </method>
            <method name="GetOrDefault" signature="(System.String)" line-rate="1" branch-rate="1" complexity="2">
              <lines>
                <line number="17" hits="364" branch="False" />
                <line number="18" hits="376" branch="True" condition-coverage="100% (2/2)">
                  <conditions>
                    <condition number="13" type="jump" coverage="100%" />
                  </conditions>
                </line>
                <line number="19" hits="352" branch="False" />
                <line number="20" hits="364" branch="False" />
              </lines>
            </method>
            <method name=".ctor" signature="()" line-rate="1" branch-rate="1" complexity="1">
              <lines>
                <line number="9" hits="276" branch="False" />
              </lines>
            </method>
            <method name=".ctor" signature="(System.Boolean)" line-rate="1" branch-rate="1" complexity="1">
              <lines>
                <line number="10" hits="100" branch="False" />
                <line number="11" hits="100" branch="False" />
                <line number="12" hits="100" branch="False" />
                <line number="13" hits="100" branch="False" />
              </lines>
            </method>
          </methods>
          <lines>
            <line number="15" hits="364" branch="False" />
            <line number="17" hits="364" branch="False" />
            <line number="18" hits="376" branch="True" condition-coverage="100% (2/2)">
              <conditions>
                <condition number="13" type="jump" coverage="100%" />
              </conditions>
            </line>
            <line number="19" hits="352" branch="False" />
            <line number="20" hits="364" branch="False" />
            <line number="9" hits="276" branch="False" />
            <line number="10" hits="100" branch="False" />
            <line number="11" hits="100" branch="False" />
            <line number="12" hits="100" branch="False" />
            <line number="13" hits="100" branch="False" />
          </lines>
        </class>
        <class name="BooleanAlgebra.Variable" filename="BooleanAlgebra/Variable.cs" line-rate="1" branch-rate="1" complexity="5">
          <methods>
            <method name="Evaluate" signature="(BooleanAlgebra.Values)" line-rate="1" branch-rate="1" complexity="1">
              <lines>
                <line number="7" hits="355" branch="False" />
              </lines>
            </method>
            <method name="Evaluate" signature="(BooleanAlgebra.Values,BooleanAlgebra.InputMap)" line-rate="1" branch-rate="1" complexity="2">
              <lines>
                <line number="9" hits="22" branch="False" />
                <line number="10" hits="42" branch="True" condition-coverage="100% (2/2)">
                  <conditions>
                    <condition number="10" type="jump" coverage="100%" />
                  </conditions>
                </line>
                <line number="11" hits="2" branch="False" />
                <line number="12" hits="22" branch="False" />
              </lines>
            </method>
            <method name="ToString" signature="()" line-rate="1" branch-rate="1" complexity="1">
              <lines>
                <line number="14" hits="6" branch="False" />
              </lines>
            </method>
            <method name=".ctor" signature="(System.String)" line-rate="1" branch-rate="1" complexity="1">
              <lines>
                <line number="6" hits="612" branch="False" />
              </lines>
            </method>
          </methods>
          <lines>
            <line number="7" hits="355" branch="False" />
            <line number="9" hits="22" branch="False" />
            <line number="10" hits="42" branch="True" condition-coverage="100% (2/2)">
              <conditions>
                <condition number="10" type="jump" coverage="100%" />
              </conditions>
            </line>
            <line number="11" hits="2" branch="False" />
            <line number="12" hits="22" branch="False" />
            <line number="14" hits="6" branch="False" />
            <line number="6" hits="612" branch="False" />
          </lines>
        </class>
      </classes>
    </package>
    <package name="BooleanCircuits" line-rate="0.9763" branch-rate="0.9428" complexity="147">
      <classes>
        <class name="BooleanCircuits.Circuit" filename="BooleanCircuits/Circuit.cs" line-rate="1" branch-rate="1" complexity="8">
          <methods>
            <method name="GetInput" signature="(System.String)" line-rate="1" branch-rate="1" complexity="1">
              <lines>
                <line number="17" hits="57" branch="False" />
              </lines>
            </method>
            <method name="GetOutput" signature="(System.String)" line-rate="1" branch-rate="1" complexity="1">
              <lines>
                <line number="18" hits="37" branch="False" />
              </lines>
            </method>
            <method name="ContainsInput" signature="(System.String)" line-rate="1" branch-rate="1" complexity="1">
              <lines>
                <line number="20" hits="4" branch="False" />
              </lines>
            </method>
            <method name="ContainsOutput" signature="(System.String)" line-rate="1" branch-rate="1" complexity="1">
              <lines>
                <line number="21" hits="4" branch="False" />
              </lines>
            </method>
            <method name="Hash" signature="()" line-rate="1" branch-rate="1" complexity="1">
              <lines>
                <line number="23" hits="173" branch="False" />
              </lines>
            </method>
            <method name="ToString" signature="()" line-rate="1" branch-rate="1" complexity="1">
              <lines>
                <line number="24" hits="2" branch="False" />
              </lines>
            </method>
            <method name="Serialize" signature="()" line-rate="1" branch-rate="1" complexity="1">
              <lines>
                <line number="27" hits="5" branch="False" />
                <line number="28" hits="5" branch="False" />
                <line number="29" hits="5" branch="False" />
                <line number="30" hits="5" branch="False" />
                <line number="31" hits="5" branch="False" />
                <line number="32" hits="5" branch="False" />
                <line number="33" hits="5" branch="False" />
              </lines>
            </method>
            <method name=".ctor" signature="(System.String,System.String)" line-rate="1" branch-rate="1" complexity="1">
              <lines>
                <line number="10" hits="95" branch="False" />
                <line number="11" hits="95" branch="False" />
                <line number="15" hits="190" branch="False" />
              </lines>
            </method>
          </methods>
          <lines>
            <line number="17" hits="57" branch="False" />
            <line number="18" hits="37" branch="False" />
            <line number="20" hits="4" branch="False" />
            <line number="21" hits="4" branch="False" />
            <line number="23" hits="173" branch="False" />
            <line number="24" hits="2" branch="False" />
            <line number="27" hits="5" branch="False" />
            <line number="28" hits="5" branch="False" />
            <line number="29" hits="5" branch="False" />
            <line number="30" hits="5" branch="False" />
            <line number="31" hits="5" branch="False" />
            <line number="32" hits="5" branch="False" />
            <line number="33" hits="5" branch="False" />
            <line number="10" hits="95" branch="False" />
            <line number="11" hits="95" branch="False" />
            <line number="15" hits="190" branch="False" />
          </lines>
        </class>
        <class name="BooleanCircuits.CircuitManager" filename="BooleanCircuits/CircuitManager.cs" line-rate="0.8823000000000001" branch-rate="0.75" complexity="23">
          <methods>
            <method name="GetAllCircuits" signature="()" line-rate="0" branch-rate="0" complexity="4">
              <lines>
                <line number="25" hits="0" branch="False" />
                <line number="26" hits="0" branch="False" />
                <line number="27" hits="0" branch="True" condition-coverage="0% (0/2)">
                  <conditions>
                    <condition number="49" type="jump" coverage="0%" />
                  </conditions>
                </line>
                <line number="28" hits="0" branch="True" condition-coverage="0% (0/2)">
                  <conditions>
                    <condition number="112" type="jump" coverage="0%" />
                  </conditions>
                </line>
                <line number="29" hits="0" branch="False" />
                <line number="30" hits="0" branch="False" />
              </lines>
            </method>
            <method name="RegisterCreatableCircuit" signature="(System.Collections.Generic.List`1&lt;BooleanCircuits.Models.CreatableCircuitModel&gt;)" line-rate="1" branch-rate="1" complexity="1">
              <lines>
                <line number="33" hits="1" branch="False" />
              </lines>
            </method>
            <method name="RegisterCreatableCircuit" signature="(BooleanCircuits.Models.CreatableCircuitModel)" line-rate="1" branch-rate="1" complexity="1">
              <lines>
                <line number="36" hits="5" branch="False" />
                <line number="37" hits="5" branch="False" />
                <line number="38" hits="5" branch="False" />
                <line number="39" hits="5" branch="False" />
                <line number="40" hits="5" branch="False" />
                <line number="41" hits="5" branch="False" />
                <line number="42" hits="10" branch="False" />
                <line number="43" hits="5" branch="False" />
              </lines>
            </method>
            <method name="Clear" signature="()" line-rate="1" branch-rate="1" complexity="1">
              <lines>
                <line number="45" hits="8" branch="False" />
              </lines>
            </method>
            <method name="CreateGatewayNodes" signature="(BooleanCircuits.Helper.HashMap.HashMap`1&lt;BooleanCircuits.Nodes.GatewayNode&gt;,System.Collections.Generic.List`1&lt;BooleanCircuits.Models.NodeModel&gt;)" line-rate="1" branch-rate="1" complexity="1">
              <lines>
                <line number="48" hits="25" branch="False" />
              </lines>
            </method>
            <method name="CreateCircuits" signature="(System.Collections.Generic.List`1&lt;BooleanCircuits.Models.CircuitModel&gt;)" line-rate="1" branch-rate="1" complexity="1">
              <lines>
                <line number="51" hits="5" branch="False" />
                <line number="52" hits="5" branch="False" />
                <line number="53" hits="15" branch="False" />
                <line number="54" hits="5" branch="False" />
                <line number="55" hits="5" branch="False" />
              </lines>
            </method>
            <method name="CreateCircuit" signature="(BooleanCircuits.Models.CircuitModel)" line-rate="1" branch-rate="1" complexity="4">
              <lines>
                <line number="58" hits="19" branch="False" />
                <line number="59" hits="19" branch="True" condition-coverage="100% (2/2)">
                  <conditions>
                    <condition number="9" type="jump" coverage="100%" />
                  </conditions>
                </line>
                <line number="60" hits="13" branch="False" />
                <line number="61" hits="6" branch="True" condition-coverage="100% (2/2)">
                  <conditions>
                    <condition number="62" type="jump" coverage="100%" />
                  </conditions>
                </line>
                <line number="62" hits="1" branch="False" />
                <line number="63" hits="5" branch="False" />
                <line number="64" hits="18" branch="False" />
              </lines>
            </method>
            <method name="CreateConnections" signature="(BooleanCircuits.Helper.HashMap.HashMap`1&lt;BooleanCircuits.Nodes.GatewayNode&gt;,BooleanCircuits.Helper.HashMap.HashMap`1&lt;BooleanCircuits.Nodes.GatewayNode&gt;,BooleanCircuits.Helper.HashMap.HashMap`1&lt;BooleanCircuits.Circuit&gt;,System.Collections.Generic.List`1&lt;BooleanCircuits.Models.ConnectionModel&gt;)" line-rate="1" branch-rate="1" complexity="1">
              <lines>
                <line number="68" hits="5" branch="False" />
                <line number="69" hits="25" branch="False" />
                <line number="70" hits="5" branch="False" />
              </lines>
            </method>
            <method name="CreateConnection" signature="(BooleanCircuits.Helper.HashMap.HashMap`1&lt;BooleanCircuits.Nodes.GatewayNode&gt;,BooleanCircuits.Helper.HashMap.HashMap`1&lt;BooleanCircuits.Nodes.GatewayNode&gt;,BooleanCircuits.Helper.HashMap.HashMap`1&lt;BooleanCircuits.Circuit&gt;,BooleanCircuits.Models.ConnectionModel)" line-rate="1" branch-rate="1" complexity="4">
              <lines>
                <line number="74" hits="20" branch="False" />
                <line number="75" hits="20" branch="True" condition-coverage="100% (2/2)">
                  <conditions>
                    <condition number="17" type="jump" coverage="100%" />
                  </conditions>
                </line>
                <line number="76" hits="20" branch="False" />
                <line number="77" hits="20" branch="False" />
                <line number="78" hits="20" branch="True" condition-coverage="100% (2/2)">
                  <conditions>
                    <condition number="73" type="jump" coverage="100%" />
                  </conditions>
                </line>
                <line number="79" hits="20" branch="False" />
                <line number="80" hits="20" branch="False" />
                <line number="82" hits="20" branch="False" />
                <line number="83" hits="20" branch="False" />
              </lines>
            </method>
            <method name="IsPrimitiveCircuit" signature="(BooleanCircuits.Models.CircuitModel)" line-rate="1" branch-rate="1" complexity="4">
              <lines>
                <line number="86" hits="19" branch="True" condition-coverage="100% (4/4)">
                  <conditions>
                    <condition number="16" type="jump" coverage="100%" />
                    <condition number="34" type="jump" coverage="100%" />
                  </conditions>
                </line>
              </lines>
            </method>
            <method name=".cctor" signature="()" line-rate="1" branch-rate="1" complexity="1">
              <lines>
                <line number="13" hits="1" branch="False" />
                <line number="14" hits="1" branch="False" />
                <line number="15" hits="4" branch="False" />
                <line number="16" hits="3" branch="False" />
                <line number="17" hits="6" branch="False" />
                <line number="18" hits="1" branch="False" />
                <line number="20" hits="1" branch="False" />
                <line number="21" hits="1" branch="False" />
                <line number="22" hits="1" branch="False" />
              </lines>
            </method>
          </methods>
          <lines>
            <line number="25" hits="0" branch="False" />
            <line number="26" hits="0" branch="False" />
            <line number="27" hits="0" branch="True" condition-coverage="0% (0/2)">
              <conditions>
                <condition number="49" type="jump" coverage="0%" />
              </conditions>
            </line>
            <line number="28" hits="0" branch="True" condition-coverage="0% (0/2)">
              <conditions>
                <condition number="112" type="jump" coverage="0%" />
              </conditions>
            </line>
            <line number="29" hits="0" branch="False" />
            <line number="30" hits="0" branch="False" />
            <line number="33" hits="1" branch="False" />
            <line number="36" hits="5" branch="False" />
            <line number="37" hits="5" branch="False" />
            <line number="38" hits="5" branch="False" />
            <line number="39" hits="5" branch="False" />
            <line number="40" hits="5" branch="False" />
            <line number="41" hits="5" branch="False" />
            <line number="42" hits="10" branch="False" />
            <line number="43" hits="5" branch="False" />
            <line number="45" hits="8" branch="False" />
            <line number="48" hits="25" branch="False" />
            <line number="51" hits="5" branch="False" />
            <line number="52" hits="5" branch="False" />
            <line number="53" hits="15" branch="False" />
            <line number="54" hits="5" branch="False" />
            <line number="55" hits="5" branch="False" />
            <line number="58" hits="19" branch="False" />
            <line number="59" hits="19" branch="True" condition-coverage="100% (2/2)">
              <conditions>
                <condition number="9" type="jump" coverage="100%" />
              </conditions>
            </line>
            <line number="60" hits="13" branch="False" />
            <line number="61" hits="6" branch="True" condition-coverage="100% (2/2)">
              <conditions>
                <condition number="62" type="jump" coverage="100%" />
              </conditions>
            </line>
            <line number="62" hits="1" branch="False" />
            <line number="63" hits="5" branch="False" />
            <line number="64" hits="18" branch="False" />
            <line number="68" hits="5" branch="False" />
            <line number="69" hits="25" branch="False" />
            <line number="70" hits="5" branch="False" />
            <line number="74" hits="20" branch="False" />
            <line number="75" hits="20" branch="True" condition-coverage="100% (2/2)">
              <conditions>
                <condition number="17" type="jump" coverage="100%" />
              </conditions>
            </line>
            <line number="76" hits="20" branch="False" />
            <line number="77" hits="20" branch="False" />
            <line number="78" hits="20" branch="True" condition-coverage="100% (2/2)">
              <conditions>
                <condition number="73" type="jump" coverage="100%" />
              </conditions>
            </line>
            <line number="79" hits="20" branch="False" />
            <line number="80" hits="20" branch="False" />
            <line number="82" hits="20" branch="False" />
            <line number="83" hits="20" branch="False" />
            <line number="86" hits="19" branch="True" condition-coverage="100% (4/4)">
              <conditions>
                <condition number="16" type="jump" coverage="100%" />
                <condition number="34" type="jump" coverage="100%" />
              </conditions>
            </line>
            <line number="13" hits="1" branch="False" />
            <line number="14" hits="1" branch="False" />
            <line number="15" hits="4" branch="False" />
            <line number="16" hits="3" branch="False" />
            <line number="17" hits="6" branch="False" />
            <line number="18" hits="1" branch="False" />
            <line number="20" hits="1" branch="False" />
            <line number="21" hits="1" branch="False" />
            <line number="22" hits="1" branch="False" />
          </lines>
        </class>
        <class name="BooleanCircuits.CreatableCircuit" filename="BooleanCircuits/CreatableCircuit.cs" line-rate="1" branch-rate="1" complexity="1">
          <methods>
            <method name=".ctor" signature="(System.String,System.String,System.Action`2&lt;BooleanCircuits.Helper.HashMap.HashMap`1&lt;BooleanCircuits.Nodes.GatewayNode&gt;,BooleanCircuits.Helper.HashMap.HashMap`1&lt;BooleanCircuits.Nodes.GatewayNode&gt;&gt;)" line-rate="1" branch-rate="1" complexity="1">
              <lines>
                <line number="11" hits="28" branch="False" />
              </lines>
            </method>
          </methods>
          <lines>
            <line number="11" hits="28" branch="False" />
          </lines>
        </class>
        <class name="BooleanCircuits.EditableCircuit" filename="BooleanCircuits/EditableCircuit.cs" line-rate="1" branch-rate="1" complexity="19">
          <methods>
            <method name="GetInput" signature="(System.String)" line-rate="1" branch-rate="1" complexity="1">
              <lines>
                <line number="27" hits="39" branch="False" />
              </lines>
            </method>
            <method name="GetOutput" signature="(System.String)" line-rate="1" branch-rate="1" complexity="1">
              <lines>
                <line number="28" hits="28" branch="False" />
              </lines>
            </method>
            <method name="Connect" signature="(System.String,System.String,System.String,System.String)" line-rate="1" branch-rate="1" complexity="8">
              <lines>
                <line number="33" hits="46" branch="False" />
                <line number="34" hits="46" branch="True" condition-coverage="100% (2/2)">
                  <conditions>
                    <condition number="13" type="jump" coverage="100%" />
                  </conditions>
                </line>
                <line number="35" hits="45" branch="True" condition-coverage="100% (2/2)">
                  <conditions>
                    <condition number="43" type="jump" coverage="100%" />
                  </conditions>
                </line>
                <line number="37" hits="45" branch="True" condition-coverage="100% (2/2)">
                  <conditions>
                    <condition number="74" type="jump" coverage="100%" />
                  </conditions>
                </line>
                <line number="38" hits="45" branch="True" condition-coverage="100% (2/2)">
                  <conditions>
                    <condition number="104" type="jump" coverage="100%" />
                  </conditions>
                </line>
                <line number="40" hits="45" branch="False" />
                <line number="41" hits="44" branch="False" />
              </lines>
            </method>
            <method name="Disconnect" signature="(System.String,System.String,System.String,System.String)" line-rate="1" branch-rate="1" complexity="2">
              <lines>
                <line number="45" hits="7" branch="False" />
                <line number="46" hits="7" branch="False" />
                <line number="47" hits="7" branch="True" condition-coverage="100% (2/2)">
                  <conditions>
                    <condition number="26" type="jump" coverage="100%" />
                  </conditions>
                </line>
                <line number="48" hits="7" branch="False" />
                <line number="49" hits="7" branch="False" />
                <line number="50" hits="7" branch="False" />
                <line number="51" hits="7" branch="False" />
                <line number="52" hits="7" branch="False" />
              </lines>
            </method>
            <method name="ContainsInput" signature="(System.String)" line-rate="1" branch-rate="1" complexity="1">
              <lines>
                <line number="54" hits="2" branch="False" />
              </lines>
            </method>
            <method name="ContainsOutput" signature="(System.String)" line-rate="1" branch-rate="1" complexity="1">
              <lines>
                <line number="55" hits="2" branch="False" />
              </lines>
            </method>
            <method name="ContainsConnection" signature="(System.String,System.String,System.String,System.String)" line-rate="1" branch-rate="1" complexity="1">
              <lines>
                <line number="58" hits="28" branch="False" />
                <line number="59" hits="28" branch="False" />
              </lines>
            </method>
            <method name="Serialize" signature="()" line-rate="1" branch-rate="1" complexity="1">
              <lines>
                <line number="62" hits="5" branch="False" />
                <line number="63" hits="5" branch="False" />
                <line number="64" hits="5" branch="False" />
                <line number="65" hits="5" branch="False" />
                <line number="66" hits="10" branch="False" />
                <line number="67" hits="5" branch="False" />
                <line number="68" hits="5" branch="False" />
                <line number="69" hits="15" branch="False" />
                <line number="70" hits="5" branch="False" />
                <line number="71" hits="5" branch="False" />
              </lines>
            </method>
            <method name="&lt;.ctor&gt;b__4_0" signature="(BooleanCircuits.Circuit)" line-rate="1" branch-rate="1" complexity="2">
              <lines>
                <line number="16" hits="25" branch="False" />
                <line number="17" hits="4" branch="False" />
                <line number="18" hits="4" branch="True" condition-coverage="100% (2/2)">
                  <conditions>
                    <condition number="25" type="jump" coverage="100%" />
                  </conditions>
                </line>
                <line number="19" hits="3" branch="False" />
                <line number="20" hits="3" branch="False" />
                <line number="21" hits="3" branch="False" />
                <line number="22" hits="3" branch="False" />
                <line number="23" hits="5" branch="False" />
              </lines>
            </method>
            <method name=".ctor" signature="(System.String)" line-rate="1" branch-rate="1" complexity="1">
              <lines>
                <line number="9" hits="24" branch="False" />
                <line number="10" hits="24" branch="False" />
                <line number="11" hits="24" branch="False" />
                <line number="12" hits="24" branch="False" />
                <line number="14" hits="24" branch="False" />
                <line number="15" hits="24" branch="False" />
                <line number="24" hits="24" branch="False" />
                <line number="25" hits="24" branch="False" />
              </lines>
            </method>
          </methods>
          <lines>
            <line number="27" hits="39" branch="False" />
            <line number="28" hits="28" branch="False" />
            <line number="33" hits="46" branch="False" />
            <line number="34" hits="46" branch="True" condition-coverage="100% (2/2)">
              <conditions>
                <condition number="13" type="jump" coverage="100%" />
              </conditions>
            </line>
            <line number="35" hits="45" branch="True" condition-coverage="100% (2/2)">
              <conditions>
                <condition number="43" type="jump" coverage="100%" />
              </conditions>
            </line>
            <line number="37" hits="45" branch="True" condition-coverage="100% (2/2)">
              <conditions>
                <condition number="74" type="jump" coverage="100%" />
              </conditions>
            </line>
            <line number="38" hits="45" branch="True" condition-coverage="100% (2/2)">
              <conditions>
                <condition number="104" type="jump" coverage="100%" />
              </conditions>
            </line>
            <line number="40" hits="45" branch="False" />
            <line number="41" hits="44" branch="False" />
            <line number="45" hits="7" branch="False" />
            <line number="46" hits="7" branch="False" />
            <line number="47" hits="7" branch="True" condition-coverage="100% (2/2)">
              <conditions>
                <condition number="26" type="jump" coverage="100%" />
              </conditions>
            </line>
            <line number="48" hits="7" branch="False" />
            <line number="49" hits="7" branch="False" />
            <line number="50" hits="7" branch="False" />
            <line number="51" hits="7" branch="False" />
            <line number="52" hits="7" branch="False" />
            <line number="54" hits="2" branch="False" />
            <line number="55" hits="2" branch="False" />
            <line number="58" hits="28" branch="False" />
            <line number="59" hits="28" branch="False" />
            <line number="62" hits="5" branch="False" />
            <line number="63" hits="5" branch="False" />
            <line number="64" hits="5" branch="False" />
            <line number="65" hits="5" branch="False" />
            <line number="66" hits="10" branch="False" />
            <line number="67" hits="5" branch="False" />
            <line number="68" hits="5" branch="False" />
            <line number="69" hits="15" branch="False" />
            <line number="70" hits="5" branch="False" />
            <line number="71" hits="5" branch="False" />
            <line number="16" hits="25" branch="False" />
            <line number="17" hits="4" branch="False" />
            <line number="18" hits="4" branch="True" condition-coverage="100% (2/2)">
              <conditions>
                <condition number="25" type="jump" coverage="100%" />
              </conditions>
            </line>
            <line number="19" hits="3" branch="False" />
            <line number="20" hits="3" branch="False" />
            <line number="21" hits="3" branch="False" />
            <line number="22" hits="3" branch="False" />
            <line number="23" hits="5" branch="False" />
            <line number="9" hits="24" branch="False" />
            <line number="10" hits="24" branch="False" />
            <line number="11" hits="24" branch="False" />
            <line number="12" hits="24" branch="False" />
            <line number="14" hits="24" branch="False" />
            <line number="15" hits="24" branch="False" />
            <line number="24" hits="24" branch="False" />
            <line number="25" hits="24" branch="False" />
          </lines>
        </class>
        <class name="BooleanCircuits.Primitives.AndPrimitive" filename="BooleanCircuits/Primitives/AndPrimitive.cs" line-rate="1" branch-rate="1" complexity="1">
          <methods>
            <method name=".ctor" signature="(System.String)" line-rate="1" branch-rate="1" complexity="1">
              <lines>
                <line number="8" hits="21" branch="False" />
                <line number="9" hits="21" branch="False" />
                <line number="10" hits="21" branch="False" />
                <line number="11" hits="21" branch="False" />
                <line number="12" hits="21" branch="False" />
                <line number="14" hits="21" branch="False" />
                <line number="15" hits="21" branch="False" />
                <line number="16" hits="21" branch="False" />
                <line number="19" hits="50" branch="False" />
                <line number="20" hits="56" branch="False" />
                <line number="21" hits="21" branch="False" />
              </lines>
            </method>
          </methods>
          <lines>
            <line number="8" hits="21" branch="False" />
            <line number="9" hits="21" branch="False" />
            <line number="10" hits="21" branch="False" />
            <line number="11" hits="21" branch="False" />
            <line number="12" hits="21" branch="False" />
            <line number="14" hits="21" branch="False" />
            <line number="15" hits="21" branch="False" />
            <line number="16" hits="21" branch="False" />
            <line number="19" hits="50" branch="False" />
            <line number="20" hits="56" branch="False" />
            <line number="21" hits="21" branch="False" />
          </lines>
        </class>
        <class name="BooleanCircuits.Primitives.NotPrimitive" filename="BooleanCircuits/Primitives/NotPrimitive.cs" line-rate="1" branch-rate="1" complexity="1">
          <methods>
            <method name=".ctor" signature="(System.String)" line-rate="1" branch-rate="1" complexity="1">
              <lines>
                <line number="8" hits="18" branch="False" />
                <line number="9" hits="18" branch="False" />
                <line number="10" hits="18" branch="False" />
                <line number="11" hits="18" branch="False" />
                <line number="12" hits="18" branch="False" />
                <line number="13" hits="18" branch="False" />
                <line number="15" hits="46" branch="False" />
                <line number="16" hits="18" branch="False" />
                <line number="17" hits="18" branch="False" />
              </lines>
            </method>
          </methods>
          <lines>
            <line number="8" hits="18" branch="False" />
            <line number="9" hits="18" branch="False" />
            <line number="10" hits="18" branch="False" />
            <line number="11" hits="18" branch="False" />
            <line number="12" hits="18" branch="False" />
            <line number="13" hits="18" branch="False" />
            <line number="15" hits="46" branch="False" />
            <line number="16" hits="18" branch="False" />
            <line number="17" hits="18" branch="False" />
          </lines>
        </class>
        <class name="BooleanCircuits.Primitives.OrPrimitive" filename="BooleanCircuits/Primitives/OrPrimitive.cs" line-rate="1" branch-rate="1" complexity="1">
          <methods>
            <method name=".ctor" signature="(System.String)" line-rate="1" branch-rate="1" complexity="1">
              <lines>
                <line number="8" hits="4" branch="False" />
                <line number="9" hits="4" branch="False" />
                <line number="10" hits="4" branch="False" />
                <line number="11" hits="4" branch="False" />
                <line number="12" hits="4" branch="False" />
                <line number="14" hits="4" branch="False" />
                <line number="15" hits="4" branch="False" />
                <line number="16" hits="4" branch="False" />
                <line number="19" hits="15" branch="False" />
                <line number="20" hits="19" branch="False" />
                <line number="21" hits="4" branch="False" />
              </lines>
            </method>
          </methods>
          <lines>
            <line number="8" hits="4" branch="False" />
            <line number="9" hits="4" branch="False" />
            <line number="10" hits="4" branch="False" />
            <line number="11" hits="4" branch="False" />
            <line number="12" hits="4" branch="False" />
            <line number="14" hits="4" branch="False" />
            <line number="15" hits="4" branch="False" />
            <line number="16" hits="4" branch="False" />
            <line number="19" hits="15" branch="False" />
            <line number="20" hits="19" branch="False" />
            <line number="21" hits="4" branch="False" />
          </lines>
        </class>
        <class name="BooleanCircuits.Nodes.Connection" filename="BooleanCircuits/Nodes/Connection.cs" line-rate="1" branch-rate="1" complexity="5">
          <methods>
            <method name="Dispose" signature="()" line-rate="1" branch-rate="1" complexity="1">
              <lines>
                <line number="25" hits="11" branch="False" />
              </lines>
            </method>
            <method name="Hash" signature="()" line-rate="1" branch-rate="1" complexity="1">
              <lines>
                <line number="26" hits="53" branch="False" />
                <line number="27" hits="53" branch="False" />
              </lines>
            </method>
            <method name="ConnectionHash" signature="(System.String,System.String,System.String,System.String)" line-rate="1" branch-rate="1" complexity="1">
              <lines>
                <line number="30" hits="88" branch="False" />
                <line number="31" hits="88" branch="False" />
                <line number="32" hits="88" branch="False" />
              </lines>
            </method>
            <method name="Serialize" signature="()" line-rate="1" branch-rate="1" complexity="1">
              <lines>
                <line number="35" hits="15" branch="False" />
                <line number="36" hits="15" branch="False" />
                <line number="37" hits="15" branch="False" />
                <line number="38" hits="15" branch="False" />
                <line number="39" hits="15" branch="False" />
                <line number="40" hits="15" branch="False" />
                <line number="41" hits="15" branch="False" />
                <line number="42" hits="15" branch="False" />
                <line number="43" hits="15" branch="False" />
              </lines>
            </method>
            <method name=".ctor" signature="(BooleanCircuits.Circuit,BooleanCircuits.Helper.Emitter.IHashableEmitter,BooleanCircuits.Circuit,BooleanCircuits.Helper.Emitter.IHashableReceiver)" line-rate="1" branch-rate="1" complexity="1">
              <lines>
                <line number="16" hits="47" branch="False" />
                <line number="17" hits="47" branch="False" />
                <line number="18" hits="47" branch="False" />
                <line number="19" hits="47" branch="False" />
                <line number="20" hits="47" branch="False" />
                <line number="21" hits="47" branch="False" />
                <line number="22" hits="47" branch="False" />
                <line number="23" hits="47" branch="False" />
              </lines>
            </method>
          </methods>
          <lines>
            <line number="25" hits="11" branch="False" />
            <line number="26" hits="53" branch="False" />
            <line number="27" hits="53" branch="False" />
            <line number="30" hits="88" branch="False" />
            <line number="31" hits="88" branch="False" />
            <line number="32" hits="88" branch="False" />
            <line number="35" hits="15" branch="False" />
            <line number="36" hits="15" branch="False" />
            <line number="37" hits="15" branch="False" />
            <line number="38" hits="15" branch="False" />
            <line number="39" hits="15" branch="False" />
            <line number="40" hits="15" branch="False" />
            <line number="41" hits="15" branch="False" />
            <line number="42" hits="15" branch="False" />
            <line number="43" hits="15" branch="False" />
            <line number="16" hits="47" branch="False" />
            <line number="17" hits="47" branch="False" />
            <line number="18" hits="47" branch="False" />
            <line number="19" hits="47" branch="False" />
            <line number="20" hits="47" branch="False" />
            <line number="21" hits="47" branch="False" />
            <line number="22" hits="47" branch="False" />
            <line number="23" hits="47" branch="False" />
          </lines>
        </class>
        <class name="BooleanCircuits.Nodes.GatewayNode" filename="BooleanCircuits/Nodes/GatewayNode.cs" line-rate="1" branch-rate="1" complexity="7">
          <methods>
            <method name="AddReceiver" signature="(BooleanCircuits.Helper.Emitter.IReceiver)" line-rate="1" branch-rate="1" complexity="2">
              <lines>
                <line number="14" hits="153" branch="False" />
                <line number="15" hits="153" branch="True" condition-coverage="100% (2/2)">
                  <conditions>
                    <condition number="18" type="jump" coverage="100%" />
                  </conditions>
                </line>
                <line number="16" hits="148" branch="False" />
                <line number="17" hits="148" branch="False" />
                <line number="18" hits="148" branch="False" />
                <line number="19" hits="148" branch="False" />
                <line number="20" hits="153" branch="False" />
              </lines>
            </method>
            <method name="RemoveReceiver" signature="(BooleanCircuits.Helper.Emitter.IReceiver)" line-rate="1" branch-rate="1" complexity="1">
              <lines>
                <line number="22" hits="13" branch="False" />
              </lines>
            </method>
            <method name="OnValueChange" signature="()" line-rate="1" branch-rate="1" complexity="1">
              <lines>
                <line number="23" hits="257" branch="False" />
              </lines>
            </method>
            <method name="Receive" signature="(System.Boolean)" line-rate="1" branch-rate="1" complexity="1">
              <lines>
                <line number="25" hits="291" branch="False" />
              </lines>
            </method>
            <method name=".ctor" signature="(System.String)" line-rate="1" branch-rate="1" complexity="1">
              <lines>
                <line number="8" hits="211" branch="False" />
                <line number="10" hits="615" branch="False" />
              </lines>
            </method>
            <method name=".ctor" signature="(System.String,System.Boolean)" line-rate="1" branch-rate="1" complexity="1">
              <lines>
                <line number="11" hits="18" branch="False" />
              </lines>
            </method>
          </methods>
          <lines>
            <line number="14" hits="153" branch="False" />
            <line number="15" hits="153" branch="True" condition-coverage="100% (2/2)">
              <conditions>
                <condition number="18" type="jump" coverage="100%" />
              </conditions>
            </line>
            <line number="16" hits="148" branch="False" />
            <line number="17" hits="148" branch="False" />
            <line number="18" hits="148" branch="False" />
            <line number="19" hits="148" branch="False" />
            <line number="20" hits="153" branch="False" />
            <line number="22" hits="13" branch="False" />
            <line number="23" hits="257" branch="False" />
            <line number="25" hits="291" branch="False" />
            <line number="8" hits="211" branch="False" />
            <line number="10" hits="615" branch="False" />
            <line number="11" hits="18" branch="False" />
          </lines>
        </class>
        <class name="BooleanCircuits.Nodes.Node" filename="BooleanCircuits/Nodes/Node.cs" line-rate="1" branch-rate="1" complexity="13">
          <methods>
            <method name="get_Name" signature="()" line-rate="1" branch-rate="1" complexity="1">
              <lines>
                <line number="9" hits="342" branch="False" />
              </lines>
            </method>
            <method name="get_Value" signature="()" line-rate="1" branch-rate="1" complexity="1">
              <lines>
                <line number="13" hits="449" branch="False" />
              </lines>
            </method>
            <method name="set_Value" signature="(System.Boolean)" line-rate="1" branch-rate="1" complexity="2">
              <lines>
                <line number="15" hits="540" branch="False" />
                <line number="16" hits="540" branch="True" condition-coverage="100% (2/2)">
                  <conditions>
                    <condition number="15" type="jump" coverage="100%" />
                  </conditions>
                </line>
                <line number="17" hits="162" branch="False" />
                <line number="18" hits="162" branch="False" />
                <line number="19" hits="162" branch="False" />
                <line number="20" hits="162" branch="False" />
                <line number="21" hits="540" branch="False" />
              </lines>
            </method>
            <method name="Hash" signature="()" line-rate="1" branch-rate="1" complexity="1">
              <lines>
                <line number="29" hits="327" branch="False" />
              </lines>
            </method>
            <method name="Serialize" signature="()" line-rate="1" branch-rate="1" complexity="1">
              <lines>
                <line number="30" hits="15" branch="False" />
              </lines>
            </method>
            <method name="op_BitwiseAnd" signature="(BooleanCircuits.Nodes.Node,BooleanCircuits.Nodes.Node)" line-rate="1" branch-rate="1" complexity="2">
              <lines>
                <line number="32" hits="68" branch="True" condition-coverage="100% (2/2)">
                  <conditions>
                    <condition number="6" type="jump" coverage="100%" />
                  </conditions>
                </line>
              </lines>
            </method>
            <method name="op_BitwiseOr" signature="(BooleanCircuits.Nodes.Node,BooleanCircuits.Nodes.Node)" line-rate="1" branch-rate="1" complexity="2">
              <lines>
                <line number="33" hits="30" branch="True" condition-coverage="100% (2/2)">
                  <conditions>
                    <condition number="6" type="jump" coverage="100%" />
                  </conditions>
                </line>
              </lines>
            </method>
            <method name="op_LogicalNot" signature="(BooleanCircuits.Nodes.Node)" line-rate="1" branch-rate="1" complexity="1">
              <lines>
                <line number="34" hits="20" branch="False" />
              </lines>
            </method>
            <method name=".ctor" signature="(System.String)" line-rate="1" branch-rate="1" complexity="1">
              <lines>
                <line number="24" hits="615" branch="False" />
              </lines>
            </method>
            <method name=".ctor" signature="(System.String,System.Boolean)" line-rate="1" branch-rate="1" complexity="1">
              <lines>
                <line number="25" hits="458" branch="False" />
              </lines>
            </method>
          </methods>
          <lines>
            <line number="9" hits="342" branch="False" />
            <line number="13" hits="449" branch="False" />
            <line number="15" hits="540" branch="False" />
            <line number="16" hits="540" branch="True" condition-coverage="100% (2/2)">
              <conditions>
                <condition number="15" type="jump" coverage="100%" />
              </conditions>
            </line>
            <line number="17" hits="162" branch="False" />
            <line number="18" hits="162" branch="False" />
            <line number="19" hits="162" branch="False" />
            <line number="20" hits="162" branch="False" />
            <line number="21" hits="540" branch="False" />
            <line number="29" hits="327" branch="False" />
            <line number="30" hits="15" branch="False" />
            <line number="32" hits="68" branch="True" condition-coverage="100% (2/2)">
              <conditions>
                <condition number="6" type="jump" coverage="100%" />
              </conditions>
            </line>
            <line number="33" hits="30" branch="True" condition-coverage="100% (2/2)">
              <conditions>
                <condition number="6" type="jump" coverage="100%" />
              </conditions>
            </line>
            <line number="34" hits="20" branch="False" />
            <line number="24" hits="615" branch="False" />
            <line number="25" hits="458" branch="False" />
          </lines>
        </class>
        <class name="BooleanCircuits.Models.CircuitModel" filename="BooleanCircuits/Models/CircuitModel.cs" line-rate="1" branch-rate="1" complexity="6">
          <methods>
            <method name="get_Name" signature="()" line-rate="1" branch-rate="1" complexity="1">
              <lines>
                <line number="9" hits="196" branch="False" />
              </lines>
            </method>
            <method name="get_Id" signature="()" line-rate="1" branch-rate="1" complexity="1">
              <lines>
                <line number="10" hits="135" branch="False" />
              </lines>
            </method>
            <method name="Validate" signature="()" line-rate="1" branch-rate="1" complexity="4">
              <lines>
                <line number="13" hits="14" branch="False" />
                <line number="14" hits="17" branch="True" condition-coverage="100% (2/2)">
                  <conditions>
                    <condition number="19" type="jump" coverage="100%" />
                  </conditions>
                </line>
                <line number="15" hits="12" branch="True" condition-coverage="100% (2/2)">
                  <conditions>
                    <condition number="50" type="jump" coverage="100%" />
                  </conditions>
                </line>
                <line number="16" hits="10" branch="False" />
              </lines>
            </method>
          </methods>
          <lines>
            <line number="9" hits="196" branch="False" />
            <line number="10" hits="135" branch="False" />
            <line number="13" hits="14" branch="False" />
            <line number="14" hits="17" branch="True" condition-coverage="100% (2/2)">
              <conditions>
                <condition number="19" type="jump" coverage="100%" />
              </conditions>
            </line>
            <line number="15" hits="12" branch="True" condition-coverage="100% (2/2)">
              <conditions>
                <condition number="50" type="jump" coverage="100%" />
              </conditions>
            </line>
            <line number="16" hits="10" branch="False" />
          </lines>
        </class>
        <class name="BooleanCircuits.Models.ConnectionModel" filename="BooleanCircuits/Models/ConnectionModel.cs" line-rate="1" branch-rate="1" complexity="12">
          <methods>
            <method name="get_EmitterCircuit" signature="()" line-rate="1" branch-rate="1" complexity="1">
              <lines>
                <line number="9" hits="250" branch="False" />
              </lines>
            </method>
            <method name="get_Emitter" signature="()" line-rate="1" branch-rate="1" complexity="1">
              <lines>
                <line number="10" hits="237" branch="False" />
              </lines>
            </method>
            <method name="get_ReceiverCircuit" signature="()" line-rate="1" branch-rate="1" complexity="1">
              <lines>
                <line number="11" hits="251" branch="False" />
              </lines>
            </method>
            <method name="get_Receiver" signature="()" line-rate="1" branch-rate="1" complexity="1">
              <lines>
                <line number="12" hits="235" branch="False" />
              </lines>
            </method>
            <method name="Validate" signature="()" line-rate="1" branch-rate="1" complexity="8">
              <lines>
                <line number="15" hits="27" branch="False" />
                <line number="16" hits="30" branch="True" condition-coverage="100% (2/2)">
                  <conditions>
                    <condition number="19" type="jump" coverage="100%" />
                  </conditions>
                </line>
                <line number="17" hits="25" branch="True" condition-coverage="100% (2/2)">
                  <conditions>
                    <condition number="50" type="jump" coverage="100%" />
                  </conditions>
                </line>
                <line number="18" hits="24" branch="True" condition-coverage="100% (2/2)">
                  <conditions>
                    <condition number="81" type="jump" coverage="100%" />
                  </conditions>
                </line>
                <line number="19" hits="23" branch="True" condition-coverage="100% (2/2)">
                  <conditions>
                    <condition number="112" type="jump" coverage="100%" />
                  </conditions>
                </line>
                <line number="20" hits="21" branch="False" />
              </lines>
            </method>
          </methods>
          <lines>
            <line number="9" hits="250" branch="False" />
            <line number="10" hits="237" branch="False" />
            <line number="11" hits="251" branch="False" />
            <line number="12" hits="235" branch="False" />
            <line number="15" hits="27" branch="False" />
            <line number="16" hits="30" branch="True" condition-coverage="100% (2/2)">
              <conditions>
                <condition number="19" type="jump" coverage="100%" />
              </conditions>
            </line>
            <line number="17" hits="25" branch="True" condition-coverage="100% (2/2)">
              <conditions>
                <condition number="50" type="jump" coverage="100%" />
              </conditions>
            </line>
            <line number="18" hits="24" branch="True" condition-coverage="100% (2/2)">
              <conditions>
                <condition number="81" type="jump" coverage="100%" />
              </conditions>
            </line>
            <line number="19" hits="23" branch="True" condition-coverage="100% (2/2)">
              <conditions>
                <condition number="112" type="jump" coverage="100%" />
              </conditions>
            </line>
            <line number="20" hits="21" branch="False" />
          </lines>
        </class>
        <class name="BooleanCircuits.Models.CreatableCircuitModel" filename="BooleanCircuits/Models/CreatableCircuitModel.cs" line-rate="1" branch-rate="1" complexity="14">
          <methods>
            <method name="get_Name" signature="()" line-rate="1" branch-rate="1" complexity="1">
              <lines>
                <line number="10" hits="94" branch="False" />
              </lines>
            </method>
            <method name="get_Inputs" signature="()" line-rate="1" branch-rate="1" complexity="1">
              <lines>
                <line number="11" hits="103" branch="False" />
              </lines>
            </method>
            <method name="get_Outputs" signature="()" line-rate="1" branch-rate="1" complexity="1">
              <lines>
                <line number="12" hits="93" branch="False" />
              </lines>
            </method>
            <method name="get_Circuits" signature="()" line-rate="1" branch-rate="1" complexity="1">
              <lines>
                <line number="13" hits="87" branch="False" />
              </lines>
            </method>
            <method name="get_Connections" signature="()" line-rate="1" branch-rate="1" complexity="1">
              <lines>
                <line number="14" hits="143" branch="False" />
              </lines>
            </method>
            <method name="Validate" signature="()" line-rate="1" branch-rate="1" complexity="8">
              <lines>
                <line number="17" hits="16" branch="False" />
                <line number="18" hits="20" branch="True" condition-coverage="100% (2/2)">
                  <conditions>
                    <condition number="19" type="jump" coverage="100%" />
                  </conditions>
                </line>
                <line number="19" hits="13" branch="True" condition-coverage="100% (2/2)">
                  <conditions>
                    <condition number="48" type="jump" coverage="100%" />
                  </conditions>
                </line>
                <line number="20" hits="27" branch="False" />
                <line number="21" hits="11" branch="True" condition-coverage="100% (2/2)">
                  <conditions>
                    <condition number="120" type="jump" coverage="100%" />
                  </conditions>
                </line>
                <line number="22" hits="18" branch="False" />
                <line number="23" hits="9" branch="True" condition-coverage="100% (2/2)">
                  <conditions>
                    <condition number="192" type="jump" coverage="100%" />
                  </conditions>
                </line>
                <line number="24" hits="29" branch="False" />
                <line number="25" hits="17" branch="False" />
                <line number="26" hits="5" branch="False" />
              </lines>
            </method>
            <method name="ToCircuitModel" signature="(System.String)" line-rate="1" branch-rate="1" complexity="1">
              <lines>
                <line number="29" hits="5" branch="False" />
                <line number="30" hits="5" branch="False" />
                <line number="31" hits="5" branch="False" />
                <line number="32" hits="5" branch="False" />
                <line number="33" hits="5" branch="False" />
                <line number="34" hits="5" branch="False" />
                <line number="35" hits="5" branch="False" />
              </lines>
            </method>
          </methods>
          <lines>
            <line number="10" hits="94" branch="False" />
            <line number="11" hits="103" branch="False" />
            <line number="12" hits="93" branch="False" />
            <line number="13" hits="87" branch="False" />
            <line number="14" hits="143" branch="False" />
            <line number="17" hits="16" branch="False" />
            <line number="18" hits="20" branch="True" condition-coverage="100% (2/2)">
              <conditions>
                <condition number="19" type="jump" coverage="100%" />
              </conditions>
            </line>
            <line number="19" hits="13" branch="True" condition-coverage="100% (2/2)">
              <conditions>
                <condition number="48" type="jump" coverage="100%" />
              </conditions>
            </line>
            <line number="20" hits="27" branch="False" />
            <line number="21" hits="11" branch="True" condition-coverage="100% (2/2)">
              <conditions>
                <condition number="120" type="jump" coverage="100%" />
              </conditions>
            </line>
            <line number="22" hits="18" branch="False" />
            <line number="23" hits="9" branch="True" condition-coverage="100% (2/2)">
              <conditions>
                <condition number="192" type="jump" coverage="100%" />
              </conditions>
            </line>
            <line number="24" hits="29" branch="False" />
            <line number="25" hits="17" branch="False" />
            <line number="26" hits="5" branch="False" />
            <line number="29" hits="5" branch="False" />
            <line number="30" hits="5" branch="False" />
            <line number="31" hits="5" branch="False" />
            <line number="32" hits="5" branch="False" />
            <line number="33" hits="5" branch="False" />
            <line number="34" hits="5" branch="False" />
            <line number="35" hits="5" branch="False" />
          </lines>
        </class>
        <class name="BooleanCircuits.Models.ModelParser" filename="BooleanCircuits/Models/ModelParser.cs" line-rate="1" branch-rate="1" complexity="3">
          <methods>
            <method name="Parse" signature="(System.String)" line-rate="1" branch-rate="1" complexity="1">
              <lines>
                <line number="8" hits="3" branch="False" />
                <line number="9" hits="3" branch="False" />
                <line number="10" hits="2" branch="False" />
                <line number="11" hits="1" branch="False" />
                <line number="12" hits="1" branch="False" />
              </lines>
            </method>
            <method name="ParseAll" signature="(System.String)" line-rate="1" branch-rate="1" complexity="2">
              <lines>
                <line number="15" hits="2" branch="False" />
                <line number="16" hits="2" branch="False" />
                <line number="17" hits="5" branch="True" condition-coverage="100% (2/2)">
                  <conditions>
                    <condition number="16" type="jump" coverage="100%" />
                  </conditions>
                </line>
                <line number="18" hits="1" branch="False" />
                <line number="19" hits="1" branch="False" />
              </lines>
            </method>
          </methods>
          <lines>
            <line number="8" hits="3" branch="False" />
            <line number="9" hits="3" branch="False" />
            <line number="10" hits="2" branch="False" />
            <line number="11" hits="1" branch="False" />
            <line number="12" hits="1" branch="False" />
            <line number="15" hits="2" branch="False" />
            <line number="16" hits="2" branch="False" />
            <line number="17" hits="5" branch="True" condition-coverage="100% (2/2)">
              <conditions>
                <condition number="16" type="jump" coverage="100%" />
              </conditions>
            </line>
            <line number="18" hits="1" branch="False" />
            <line number="19" hits="1" branch="False" />
          </lines>
        </class>
        <class name="BooleanCircuits.Models.NodeModel" filename="BooleanCircuits/Models/NodeModel.cs" line-rate="1" branch-rate="1" complexity="3">
          <methods>
            <method name="get_Name" signature="()" line-rate="1" branch-rate="1" complexity="1">
              <lines>
                <line number="9" hits="207" branch="False" />
              </lines>
            </method>
            <method name="Validate" signature="()" line-rate="1" branch-rate="1" complexity="2">
              <lines>
                <line number="12" hits="26" branch="False" />
                <line number="13" hits="29" branch="True" condition-coverage="100% (2/2)">
                  <conditions>
                    <condition number="19" type="jump" coverage="100%" />
                  </conditions>
                </line>
                <line number="14" hits="23" branch="False" />
              </lines>
            </method>
          </methods>
          <lines>
            <line number="9" hits="207" branch="False" />
            <line number="12" hits="26" branch="False" />
            <line number="13" hits="29" branch="True" condition-coverage="100% (2/2)">
              <conditions>
                <condition number="19" type="jump" coverage="100%" />
              </conditions>
            </line>
            <line number="14" hits="23" branch="False" />
          </lines>
        </class>
        <class name="BooleanCircuits.Helper.Serializable.Serializer`1" filename="BooleanCircuits/Helper/Serializable/Serializer.cs" line-rate="1" branch-rate="1" complexity="4">
          <methods>
            <method name="Serialize" signature="(BooleanCircuits.Helper.Serializable.ISerializable)" line-rate="1" branch-rate="1" complexity="1">
              <lines>
                <line number="19" hits="4" branch="False" />
              </lines>
            </method>
            <method name="SerializeDefault" signature="(BooleanCircuits.Helper.Serializable.ISerializable)" line-rate="1" branch-rate="1" complexity="1">
              <lines>
                <line number="22" hits="4" branch="False" />
              </lines>
            </method>
            <method name=".ctor" signature="()" line-rate="1" branch-rate="1" complexity="1">
              <lines>
                <line number="9" hits="8" branch="False" />
                <line number="10" hits="8" branch="False" />
                <line number="11" hits="8" branch="False" />
                <line number="12" hits="8" branch="False" />
                <line number="13" hits="8" branch="False" />
                <line number="15" hits="12" branch="False" />
              </lines>
            </method>
            <method name=".ctor" signature="(System.Text.Json.JsonSerializerOptions)" line-rate="1" branch-rate="1" complexity="1">
              <lines>
                <line number="16" hits="8" branch="False" />
              </lines>
            </method>
          </methods>
          <lines>
            <line number="19" hits="4" branch="False" />
            <line number="22" hits="4" branch="False" />
            <line number="9" hits="8" branch="False" />
            <line number="10" hits="8" branch="False" />
            <line number="11" hits="8" branch="False" />
            <line number="12" hits="8" branch="False" />
            <line number="13" hits="8" branch="False" />
            <line number="15" hits="12" branch="False" />
            <line number="16" hits="8" branch="False" />
          </lines>
        </class>
        <class name="BooleanCircuits.Helper.HashMap.Hashable" filename="BooleanCircuits/Helper/HashMap/Hashable.cs" line-rate="1" branch-rate="1" complexity="2">
          <methods>
            <method name="ConnectHash" signature="(System.String,System.String)" line-rate="1" branch-rate="1" complexity="1">
              <lines>
                <line number="7" hits="89" branch="False" />
              </lines>
            </method>
            <method name="ExtendHash" signature="(System.String,System.String)" line-rate="1" branch-rate="1" complexity="1">
              <lines>
                <line number="8" hits="177" branch="False" />
              </lines>
            </method>
          </methods>
          <lines>
            <line number="7" hits="89" branch="False" />
            <line number="8" hits="177" branch="False" />
          </lines>
        </class>
        <class name="BooleanCircuits.Helper.HashMap.HashMap`1" filename="BooleanCircuits/Helper/HashMap/HashMap.cs" line-rate="0.9523" branch-rate="1" complexity="15">
          <methods>
            <method name="Add" signature="(T)" line-rate="1" branch-rate="1" complexity="1">
              <lines>
                <line number="10" hits="13624" branch="False" />
              </lines>
            </method>
            <method name="Remove" signature="(T)" line-rate="1" branch-rate="1" complexity="1">
              <lines>
                <line number="12" hits="7" branch="False" />
              </lines>
            </method>
            <method name="Remove" signature="(System.String)" line-rate="1" branch-rate="1" complexity="1">
              <lines>
                <line number="13" hits="22" branch="False" />
              </lines>
            </method>
            <method name="Get" signature="(System.String)" line-rate="1" branch-rate="1" complexity="2">
              <lines>
                <line number="16" hits="276" branch="False" />
                <line number="17" hits="284" branch="True" condition-coverage="100% (2/2)">
                  <conditions>
                    <condition number="13" type="jump" coverage="100%" />
                  </conditions>
                </line>
                <line number="18" hits="268" branch="False" />
                <line number="19" hits="268" branch="False" />
              </lines>
            </method>
            <method name="Contains" signature="(T)" line-rate="1" branch-rate="1" complexity="1">
              <lines>
                <line number="21" hits="2" branch="False" />
              </lines>
            </method>
            <method name="Contains" signature="(System.String)" line-rate="1" branch-rate="1" complexity="1">
              <lines>
                <line number="22" hits="340" branch="False" />
              </lines>
            </method>
            <method name="ForEach" signature="(System.Action`1&lt;T&gt;)" line-rate="1" branch-rate="1" complexity="2">
              <lines>
                <line number="25" hits="5" branch="False" />
                <line number="26" hits="39981" branch="True" condition-coverage="100% (2/2)">
                  <conditions>
                    <condition number="32" type="jump" coverage="100%" />
                  </conditions>
                </line>
                <line number="27" hits="5" branch="False" />
              </lines>
            </method>
            <method name="Map" signature="(System.Func`2&lt;T,TReturn&gt;)" line-rate="1" branch-rate="1" complexity="2">
              <lines>
                <line number="30" hits="24" branch="False" />
                <line number="31" hits="24" branch="False" />
                <line number="32" hits="201" branch="True" condition-coverage="100% (2/2)">
                  <conditions>
                    <condition number="44" type="jump" coverage="100%" />
                  </conditions>
                </line>
                <line number="33" hits="24" branch="False" />
                <line number="34" hits="24" branch="False" />
              </lines>
            </method>
            <method name="GetHashList" signature="()" line-rate="1" branch-rate="1" complexity="1">
              <lines>
                <line number="36" hits="4" branch="False" />
              </lines>
            </method>
            <method name="GetEnumerator" signature="()" line-rate="1" branch-rate="1" complexity="1">
              <lines>
                <line number="37" hits="29" branch="False" />
              </lines>
            </method>
            <method name="System.Collections.IEnumerable.GetEnumerator" signature="()" line-rate="0" branch-rate="1" complexity="1">
              <lines>
                <line number="38" hits="0" branch="False" />
              </lines>
            </method>
            <method name=".ctor" signature="()" line-rate="1" branch-rate="1" complexity="1">
              <lines>
                <line number="8" hits="314" branch="False" />
              </lines>
            </method>
          </methods>
          <lines>
            <line number="10" hits="13624" branch="False" />
            <line number="12" hits="7" branch="False" />
            <line number="13" hits="22" branch="False" />
            <line number="16" hits="276" branch="False" />
            <line number="17" hits="284" branch="True" condition-coverage="100% (2/2)">
              <conditions>
                <condition number="13" type="jump" coverage="100%" />
              </conditions>
            </line>
            <line number="18" hits="268" branch="False" />
            <line number="19" hits="268" branch="False" />
            <line number="21" hits="2" branch="False" />
            <line number="22" hits="340" branch="False" />
            <line number="25" hits="5" branch="False" />
            <line number="26" hits="39981" branch="True" condition-coverage="100% (2/2)">
              <conditions>
                <condition number="32" type="jump" coverage="100%" />
              </conditions>
            </line>
            <line number="27" hits="5" branch="False" />
            <line number="30" hits="24" branch="False" />
            <line number="31" hits="24" branch="False" />
            <line number="32" hits="201" branch="True" condition-coverage="100% (2/2)">
              <conditions>
                <condition number="44" type="jump" coverage="100%" />
              </conditions>
            </line>
            <line number="33" hits="24" branch="False" />
            <line number="34" hits="24" branch="False" />
            <line number="36" hits="4" branch="False" />
            <line number="37" hits="29" branch="False" />
            <line number="38" hits="0" branch="False" />
            <line number="8" hits="314" branch="False" />
          </lines>
        </class>
        <class name="BooleanCircuits.Helper.HashMap.ObservableHashMap`1" filename="BooleanCircuits/Helper/HashMap/ObservableHashMap.cs" line-rate="1" branch-rate="1" complexity="5">
          <methods>
            <method name="Subscribe" signature="(System.Action`1&lt;T&gt;)" line-rate="1" branch-rate="1" complexity="2">
              <lines>
                <line number="11" hits="28" branch="False" />
                <line number="12" hits="56" branch="True" condition-coverage="100% (2/2)">
                  <conditions>
                    <condition number="18" type="jump" coverage="100%" />
                  </conditions>
                </line>
                <line number="13" hits="28" branch="False" />
                <line number="14" hits="28" branch="False" />
              </lines>
            </method>
            <method name="Remove" signature="(System.String)" line-rate="1" branch-rate="1" complexity="2">
              <lines>
                <line number="17" hits="7" branch="False" />
                <line number="18" hits="18" branch="True" condition-coverage="100% (2/2)">
                  <conditions>
                    <condition number="35" type="jump" coverage="100%" />
                  </conditions>
                </line>
                <line number="19" hits="7" branch="False" />
                <line number="20" hits="7" branch="False" />
              </lines>
            </method>
            <method name=".ctor" signature="()" line-rate="1" branch-rate="1" complexity="1">
              <lines>
                <line number="8" hits="28" branch="False" />
              </lines>
            </method>
          </methods>
          <lines>
            <line number="11" hits="28" branch="False" />
            <line number="12" hits="56" branch="True" condition-coverage="100% (2/2)">
              <conditions>
                <condition number="18" type="jump" coverage="100%" />
              </conditions>
            </line>
            <line number="13" hits="28" branch="False" />
            <line number="14" hits="28" branch="False" />
            <line number="17" hits="7" branch="False" />
            <line number="18" hits="18" branch="True" condition-coverage="100% (2/2)">
              <conditions>
                <condition number="35" type="jump" coverage="100%" />
              </conditions>
            </line>
            <line number="19" hits="7" branch="False" />
            <line number="20" hits="7" branch="False" />
            <line number="8" hits="28" branch="False" />
          </lines>
        </class>
        <class name="BooleanCircuits.Helper.HashMap.ObservableHashMap`1/Subscription" filename="BooleanCircuits/Helper/HashMap/ObservableHashMap.cs" line-rate="1" branch-rate="1" complexity="2">
          <methods>
            <method name="Dispose" signature="()" line-rate="1" branch-rate="1" complexity="1">
              <lines>
                <line number="29" hits="1" branch="False" />
              </lines>
            </method>
            <method name=".ctor" signature="(System.Collections.Generic.ICollection`1&lt;System.Action`1&lt;T&gt;&gt;,System.Action`1&lt;T&gt;)" line-rate="1" branch-rate="1" complexity="1">
              <lines>
                <line number="26" hits="28" branch="False" />
                <line number="27" hits="28" branch="False" />
              </lines>
            </method>
          </methods>
          <lines>
            <line number="29" hits="1" branch="False" />
            <line number="26" hits="28" branch="False" />
            <line number="27" hits="28" branch="False" />
          </lines>
        </class>
        <class name="BooleanCircuits.Helper.Emitter.CallbackReceiver" filename="BooleanCircuits/Helper/Emitter/CallbackReceiver.cs" line-rate="1" branch-rate="1" complexity="2">
          <methods>
            <method name="Receive" signature="(System.Boolean)" line-rate="1" branch-rate="1" complexity="1">
              <lines>
                <line number="9" hits="118" branch="False" />
              </lines>
            </method>
            <method name=".ctor" signature="(System.Action`1&lt;System.Boolean&gt;)" line-rate="1" branch-rate="1" complexity="1">
              <lines>
                <line number="8" hits="136" branch="False" />
              </lines>
            </method>
          </methods>
          <lines>
            <line number="9" hits="118" branch="False" />
            <line number="8" hits="136" branch="False" />
          </lines>
        </class>
      </classes>
    </package>
  </packages>
</coverage>